*EXP. DATA (T): UFBR9601PR POTENTIAL YIELD, PEPPERS, CV CAPISTRANO                     

! File last edited on day 08/29/2003 at 10:40:28 AM
!
@TRNO   DATE  L#SD  LAID  L#PA  LWAD  RWAD  SWAD  P#AD  PWAD  CWAD  SLAD  CHTD  LN%D
     1 96271   -99 0.251   171  131.   -99   50.   -99     0 180.8 196.1 .1567  6.14
     1 96288   -99 1.441   565  611.   -99  355.   -99     2 967.8 235.2 .2867  6.12
     1 96302   -99 2.740   759 1095.   -99  691.   -99   553 2355. 251.9 .3367  6.13
     1 96316   -99 3.274  1014 1323.   -99 1031.   -99  1674 4094. 247.8 .3567  4.83
     1 96337   -99 2.913   834 1148.   -99  975.   -99  2926 5049. 257.1 .3733  4.22
     1 96351   -99 2.639   882 1141.   -99  976.   -99  4536 6653. 231.2 .3733  3.65
     2 96271   -99 0.311   204  152.   -99   65.   -99     0 217.4 203.8 .1700  6.23
     2 96288   -99 1.462   481  610.   -99  372.   -99    15 996.9 239.3 .3033  6.33
     2 96302   -99 2.603   905 1042.   -99  690.   -99   639 2382. 250.1   .36  5.61
     2 96316   -99 3.172   970 1250.   -99  886.   -99  1183 3368. 258.0 .3867  4.65
     2 96337   -99 3.013  1019 1352.   -99 1048.   -99  1992 4391. 220.9 .3233  4.29
     2 96351   -99 3.070  1079 1224.   -99 1132.   -99  6176 8532. 252.2 .3233  3.28
     3 96271   -99 0.314   162  170.   -99   66.   -99     0 236.0 182.8 .1567  6.97
     3 96288   -99 1.604   560  648.   -99  379.   -99    18 1045. 246.6 .2933  6.48
     3 96302   -99 2.715   841 1033.   -99  647.   -99   623 2322. 262.9   .33  5.66
     3 96316   -99 3.208   958 1306.   -99  939.   -99  1404 3689. 248.6 .3767  4.86
     3 96337   -99 3.603   941 1564.   -99 1012.   -99  3678 6253. 234.6   .34  4.58
     3 96351   -99 3.852  1154 1734.   -99 1344.   -99  5769 8848. 225.7   .34  4.18
     4 96271   -99 0.292   179  151.   -99   60.   -99     0 211.4 194.2 .1611  6.45
     4 96288   -99 1.502   535  623.   -99  368.   -99    12 1003. 240.3 .2944  6.31
     4 96302   -99 2.686   835 1057.   -99  676.   -99   605 2353. 255.0 .3422  5.80
     4 96316   -99 3.218   981 1293.   -99  952.   -99  1420 3717. 251.5 .3733  4.78
     4 96337   -99 3.176   931 1355.   -99 1011.   -99  2865 5231. 237.5 .3456  4.36
     4 96351   -99 3.187  1038 1366.   -99 1151.   -99  5494 8801. 236.3 .3456  3.70
!L#SD:LEAF NUMBER PER STEM=PLASTACHRON                                          
!LAID:LEAF AREA INDEX                                                           
!L#PA:LEAF NUMBER PER AREA (#/M2)                                               
!LWAD:LEAF DRY WEIGHT  (KG/HA)                                                  
!RWAD:ROOT DRY WEIGHT (KG/HA)                                                   
!SWAD:STEM DRY WEIGHT  (KG/HA)                                                  
!P#AD:FRUIT NUMBER (#/M2)                                                       
!PWAD:FRUIT DRY WEIGHT (KG/HA)                                                  
!CWAD:TOTAL CROP DRY WEIGHT (KG/HA) INCLUDES:STEM,LEAVES,AND PODS(FRUITS)       
!M#AD:MATURE FRUIT WEIGHT (KG/HA)                                               
!SLAD:SPECIFIC LEAF AREA (CM2/G)                                                
!CHTD:CANOPY HEIGHT (M)                                                         
!CWID:CANOPY WIDTH (M)                                                          





